<?xml version="1.0" encoding="UTF-8"?>
<!-- Generated by org.testng.reporters.JUnitReportReporter -->
<testsuite skipped="0" hostname="LAPTOP-C0BRE0BU" name="test.ValidateAddCategoryTest" tests="1" failures="0" timestamp="2022-07-15T01:42:03 EDT" time="11.723" errors="0">
  <testcase name="validateNewCategory" time="11.723" classname="test.ValidateAddCategoryTest"/>
  <system-out/>
</testsuite> <!-- test.ValidateAddCategoryTest -->
